timestamp: 2011-11-08T05:51:18.677122
CREATE TABLE auth_user(
    id INTEGER PRIMARY KEY AUTOINCREMENT,
    name CHAR(512)
);
success!
timestamp: 2011-11-08T05:53:51.015247
ALTER TABLE auth_user ADD email CHAR(512);
timestamp: 2011-11-08T07:00:30.507291
ALTER TABLE auth_user ADD tel CHAR(512);
timestamp: 2011-11-08T07:01:39.556086
ALTER TABLE auth_user ADD tele CHAR(512);
timestamp: 2011-11-08T07:31:55.542567
CREATE TABLE category(
    id INTEGER PRIMARY KEY AUTOINCREMENT,
    title CHAR(512),
    user INTEGER REFERENCES auth_user(id) ON DELETE CASCADE
);
success!
timestamp: 2011-11-08T08:09:53.419872
CREATE TABLE auth_user(
    id INTEGER PRIMARY KEY AUTOINCREMENT,
    name CHAR(512) NOT NULL,
    email CHAR(512) NOT NULL UNIQUE,
    tele CHAR(512)
);
success!
timestamp: 2011-11-08T08:09:53.573387
CREATE TABLE category(
    id INTEGER PRIMARY KEY AUTOINCREMENT,
    title CHAR(512),
    user INTEGER REFERENCES auth_user(id) ON DELETE CASCADE
);
success!
timestamp: 2011-11-08T08:20:40.902481
ALTER TABLE auth_user ADD password CHAR(512);
timestamp: 2011-11-08T08:27:10.416257
ALTER TABLE auth_user ADD modified_by INTEGER REFERENCES auth_user(id) ON DELETE CASCADE;
timestamp: 2011-11-08T08:27:10.523320
ALTER TABLE auth_user ADD is_active CHAR(1);
timestamp: 2011-11-08T08:27:10.633215
ALTER TABLE auth_user ADD created_by INTEGER REFERENCES auth_user(id) ON DELETE CASCADE;
timestamp: 2011-11-08T08:27:10.733022
ALTER TABLE auth_user ADD created_on TIMESTAMP;
timestamp: 2011-11-08T08:27:10.832000
ALTER TABLE auth_user ADD modified_on TIMESTAMP;
timestamp: 2011-11-08T08:27:10.929842
ALTER TABLE category ADD modified_by INTEGER REFERENCES auth_user(id) ON DELETE CASCADE;
timestamp: 2011-11-08T08:27:11.053234
ALTER TABLE category ADD is_active CHAR(1);
timestamp: 2011-11-08T08:27:11.141219
ALTER TABLE category ADD created_by INTEGER REFERENCES auth_user(id) ON DELETE CASCADE;
timestamp: 2011-11-08T08:27:11.218499
ALTER TABLE category ADD created_on TIMESTAMP;
timestamp: 2011-11-08T08:27:11.296047
ALTER TABLE category ADD modified_on TIMESTAMP;
timestamp: 2011-11-08T08:30:17.856237
CREATE TABLE auth_user(
    id INTEGER PRIMARY KEY AUTOINCREMENT,
    name CHAR(512) NOT NULL,
    email CHAR(512) NOT NULL UNIQUE,
    password CHAR(512),
    is_active CHAR(1),
    created_on TIMESTAMP,
    created_by INTEGER REFERENCES auth_user(id) ON DELETE CASCADE,
    modified_on TIMESTAMP,
    modified_by INTEGER REFERENCES auth_user(id) ON DELETE CASCADE
);
success!
timestamp: 2011-11-08T08:30:18.019764
CREATE TABLE category(
    id INTEGER PRIMARY KEY AUTOINCREMENT,
    title CHAR(512),
    user INTEGER REFERENCES auth_user(id) ON DELETE CASCADE,
    is_active CHAR(1),
    created_on TIMESTAMP,
    created_by INTEGER REFERENCES auth_user(id) ON DELETE CASCADE,
    modified_on TIMESTAMP,
    modified_by INTEGER REFERENCES auth_user(id) ON DELETE CASCADE
);
success!
timestamp: 2011-11-08T08:37:49.191717
CREATE TABLE auth_user(
    id INTEGER PRIMARY KEY AUTOINCREMENT,
    name CHAR(512) NOT NULL,
    email CHAR(512) NOT NULL UNIQUE,
    password CHAR(512)
);
success!
timestamp: 2011-11-08T08:37:49.324808
CREATE TABLE category(
    id INTEGER PRIMARY KEY AUTOINCREMENT,
    title CHAR(512),
    user INTEGER REFERENCES auth_user(id) ON DELETE CASCADE
);
success!
timestamp: 2011-11-08T09:28:09.756706
CREATE TABLE auth_user(
    id INTEGER PRIMARY KEY AUTOINCREMENT,
    name CHAR(512) NOT NULL,
    email CHAR(512) NOT NULL UNIQUE,
    password CHAR(512)
);
success!
timestamp: 2011-11-08T09:28:09.908934
CREATE TABLE auth_group(
    id INTEGER PRIMARY KEY AUTOINCREMENT,
    role CHAR(512),
    description TEXT
);
success!
timestamp: 2011-11-08T09:28:10.032782
CREATE TABLE auth_membership(
    id INTEGER PRIMARY KEY AUTOINCREMENT,
    user_id INTEGER REFERENCES auth_user(id) ON DELETE CASCADE,
    group_id INTEGER REFERENCES auth_group(id) ON DELETE CASCADE
);
success!
timestamp: 2011-11-08T09:28:10.139533
CREATE TABLE auth_permission(
    id INTEGER PRIMARY KEY AUTOINCREMENT,
    group_id INTEGER REFERENCES auth_group(id) ON DELETE CASCADE,
    name CHAR(512),
    table_name CHAR(512),
    record_id INTEGER
);
success!
timestamp: 2011-11-08T09:28:10.228268
CREATE TABLE auth_event(
    id INTEGER PRIMARY KEY AUTOINCREMENT,
    time_stamp TIMESTAMP,
    client_ip CHAR(512),
    user_id INTEGER REFERENCES auth_user(id) ON DELETE CASCADE,
    origin CHAR(512),
    description TEXT
);
success!
timestamp: 2011-11-08T09:28:10.335694
CREATE TABLE auth_cas(
    id INTEGER PRIMARY KEY AUTOINCREMENT,
    user_id INTEGER REFERENCES auth_user(id) ON DELETE CASCADE,
    created_on TIMESTAMP,
    url CHAR(512),
    uuid CHAR(512)
);
success!
timestamp: 2011-11-08T09:28:10.426244
CREATE TABLE category(
    id INTEGER PRIMARY KEY AUTOINCREMENT,
    title CHAR(512),
    user INTEGER
);
success!
timestamp: 2011-11-08T09:35:42.924851
ALTER TABLE auth_user ADD record_created TIMESTAMP;
timestamp: 2011-11-08T09:35:43.034423
ALTER TABLE auth_user ADD registration_id CHAR(512);
timestamp: 2011-11-08T09:35:43.134496
ALTER TABLE auth_user ADD record_updated TIMESTAMP;
timestamp: 2011-11-08T09:35:43.233131
ALTER TABLE auth_user ADD reset_password_key CHAR(512);
timestamp: 2011-11-08T09:35:43.332941
ALTER TABLE auth_user ADD registration_key CHAR(512);
timestamp: 2011-11-08T11:01:23.237943
ALTER TABLE auth_user ADD record_created TIMESTAMP;
timestamp: 2011-11-08T11:01:23.335632
ALTER TABLE auth_user ADD registration_id CHAR(512);
timestamp: 2011-11-08T11:01:23.435808
ALTER TABLE auth_user ADD record_updated TIMESTAMP;
timestamp: 2011-11-08T11:01:23.534349
ALTER TABLE auth_user ADD reset_password_key CHAR(512);
timestamp: 2011-11-08T11:01:23.634337
ALTER TABLE auth_user ADD registration_key CHAR(512);
timestamp: 2011-11-08T11:04:39.265948
ALTER TABLE auth_user ADD modified_by INTEGER REFERENCES auth_user(id) ON DELETE CASCADE;
timestamp: 2011-11-08T11:04:39.381082
ALTER TABLE auth_user ADD is_active CHAR(1);
timestamp: 2011-11-08T11:04:39.469004
ALTER TABLE auth_user ADD created_by INTEGER REFERENCES auth_user(id) ON DELETE CASCADE;
timestamp: 2011-11-08T11:04:39.558171
ALTER TABLE auth_user ADD created_on TIMESTAMP;
timestamp: 2011-11-08T11:04:39.697378
ALTER TABLE auth_user ADD modified_on TIMESTAMP;
timestamp: 2011-11-08T11:04:39.836992
ALTER TABLE category ADD modified_by INTEGER REFERENCES auth_user(id) ON DELETE CASCADE;
timestamp: 2011-11-08T11:04:39.972562
ALTER TABLE category ADD is_active CHAR(1);
timestamp: 2011-11-08T11:04:40.060529
ALTER TABLE category ADD created_by INTEGER REFERENCES auth_user(id) ON DELETE CASCADE;
timestamp: 2011-11-08T11:04:40.148844
ALTER TABLE category ADD created_on TIMESTAMP;
timestamp: 2011-11-08T11:04:40.237683
ALTER TABLE category ADD modified_on TIMESTAMP;
